Using pre-set license
Built from '2021.1/staging' branch; Version is '2021.1.24f1 (6667702a1e7c) revision 6711152'; Using compiler version '192528614'; Build Type 'Release'
OS: 'Windows 10 Pro; OS build 19044.1415; Version 2009; 64bit' Language: 'en' Physical Memory: 16310 MB
BatchMode: 1, IsHumanControllingUs: 0, StartBugReporterOnCrash: 0, Is64bit: 1, IsPro: 0

COMMAND LINE ARGUMENTS:
C:\Program Files\Unity\Hub\Editor\2021.1.24f1\Editor\Unity.exe
-adb2
-batchMode
-noUpm
-name
AssetImportWorker0
-projectPath
C:/Users/haris/Documents/GitHub/frozen-tremors-mpgd-grpH
-logFile
Logs/AssetImportWorker0.log
-srvPort
50519
Successfully changed project path to: C:/Users/haris/Documents/GitHub/frozen-tremors-mpgd-grpH
C:/Users/haris/Documents/GitHub/frozen-tremors-mpgd-grpH
Using Asset Import Pipeline V2.
Refreshing native plugins compatible for Editor in 79.50 ms, found 4 plugins.
Preloading 0 native plugins for Editor in 0.00 ms.
Initialize engine version: 2021.1.24f1 (6667702a1e7c)
[Subsystems] Discovering subsystems at path C:/Program Files/Unity/Hub/Editor/2021.1.24f1/Editor/Data/Resources/UnitySubsystems
[Subsystems] Discovering subsystems at path C:/Users/haris/Documents/GitHub/frozen-tremors-mpgd-grpH/Assets
GfxDevice: creating device client; threaded=0; jobified=0
Direct3D:
    Version:  Direct3D 11.0 [level 11.1]
    Renderer: NVIDIA GeForce RTX 3090 (ID=0x2204)
    Vendor:   NVIDIA
    VRAM:     24348 MB
    Driver:   30.0.14.9729
Initialize mono
Mono path[0] = 'C:/Program Files/Unity/Hub/Editor/2021.1.24f1/Editor/Data/Managed'
Mono path[1] = 'C:/Program Files/Unity/Hub/Editor/2021.1.24f1/Editor/Data/MonoBleedingEdge/lib/mono/unityjit'
Mono config path = 'C:/Program Files/Unity/Hub/Editor/2021.1.24f1/Editor/Data/MonoBleedingEdge/etc'
Using monoOptions --debugger-agent=transport=dt_socket,embedding=1,server=y,suspend=n,address=127.0.0.1:56208
Begin MonoManager ReloadAssembly
Registering precompiled unity dll's ...
Register platform support module: C:/Program Files/Unity/Hub/Editor/2021.1.24f1/Editor/Data/PlaybackEngines/WebGLSupport/UnityEditor.WebGL.Extensions.dll
Register platform support module: C:/Program Files/Unity/Hub/Editor/2021.1.24f1/Editor/Data/PlaybackEngines/WindowsStandaloneSupport/UnityEditor.WindowsStandalone.Extensions.dll
Registered in 0.001925 seconds.
Native extension for WindowsStandalone target not found
Native extension for WebGL target not found
Refreshing native plugins compatible for Editor in 71.90 ms, found 4 plugins.
Preloading 0 native plugins for Editor in 0.00 ms.
Mono: successfully reloaded assembly
- Completed reload, in  0.996 seconds
Domain Reload Profiling:
	ReloadAssembly (996ms)
		BeginReloadAssembly (49ms)
			ExecutionOrderSort (0ms)
			DisableScriptedObjects (0ms)
			BackupInstance (0ms)
			ReleaseScriptingObjects (0ms)
			CreateAndSetChildDomain (1ms)
		EndReloadAssembly (327ms)
			LoadAssemblies (47ms)
			RebuildTransferFunctionScriptingTraits (0ms)
			SetupTypeCache (104ms)
			ReleaseScriptCaches (0ms)
			RebuildScriptCaches (18ms)
			SetupLoadedEditorAssemblies (170ms)
				LogAssemblyErrors (0ms)
				InitializePlatformSupportModulesInManaged (5ms)
				SetLoadedEditorAssemblies (0ms)
				RefreshPlugins (72ms)
				BeforeProcessingInitializeOnLoad (1ms)
				ProcessInitializeOnLoadAttributes (70ms)
				ProcessInitializeOnLoadMethodAttributes (21ms)
				AfterProcessingInitializeOnLoad (0ms)
				EditorAssembliesLoaded (0ms)
			ExecutionOrderSort2 (0ms)
			AwakeInstancesAfterBackupRestoration (0ms)
Platform modules already initialized, skipping
Registering precompiled user dll's ...
Registered in 0.008655 seconds.
Begin MonoManager ReloadAssembly
Symbol file LoadedFromMemory doesn't match image C:\Users\haris\Documents\GitHub\frozen-tremors-mpgd-grpH\Library\PackageCache\com.unity.visualscripting@1.6.1\Editor\VisualScripting.Core\Dependencies\YamlDotNet\Unity.VisualScripting.YamlDotNet.dll
Symbol file LoadedFromMemory doesn't match image C:\Users\haris\Documents\GitHub\frozen-tremors-mpgd-grpH\Library\PackageCache\com.unity.visualscripting@1.6.1\Editor\VisualScripting.Core\Dependencies\DotNetZip\Unity.VisualScripting.IonicZip.dll
Native extension for WindowsStandalone target not found
Native extension for WebGL target not found
Refreshing native plugins compatible for Editor in 0.78 ms, found 4 plugins.
Preloading 0 native plugins for Editor in 0.00 ms.
Mono: successfully reloaded assembly
- Completed reload, in  0.808 seconds
Domain Reload Profiling:
	ReloadAssembly (809ms)
		BeginReloadAssembly (109ms)
			ExecutionOrderSort (0ms)
			DisableScriptedObjects (3ms)
			BackupInstance (0ms)
			ReleaseScriptingObjects (0ms)
			CreateAndSetChildDomain (15ms)
		EndReloadAssembly (656ms)
			LoadAssemblies (77ms)
			RebuildTransferFunctionScriptingTraits (0ms)
			SetupTypeCache (258ms)
			ReleaseScriptCaches (0ms)
			RebuildScriptCaches (35ms)
			SetupLoadedEditorAssemblies (224ms)
				LogAssemblyErrors (0ms)
				InitializePlatformSupportModulesInManaged (4ms)
				SetLoadedEditorAssemblies (0ms)
				RefreshPlugins (1ms)
				BeforeProcessingInitializeOnLoad (51ms)
				ProcessInitializeOnLoadAttributes (159ms)
				ProcessInitializeOnLoadMethodAttributes (3ms)
				AfterProcessingInitializeOnLoad (5ms)
				EditorAssembliesLoaded (0ms)
			ExecutionOrderSort2 (0ms)
			AwakeInstancesAfterBackupRestoration (6ms)
Platform modules already initialized, skipping
========================================================================
Worker process is ready to serve import requests
Launched and connected shader compiler UnityShaderCompiler.exe after 0.04 seconds
Refreshing native plugins compatible for Editor in 0.78 ms, found 4 plugins.
Preloading 0 native plugins for Editor in 0.00 ms.
Unloading 3358 Unused Serialized files (Serialized files now loaded: 0)
System memory in use before: 183.9 MB.
System memory in use after: 183.9 MB.

Unloading 37 unused Assets to reduce memory usage. Loaded Objects now: 3905.
Total: 2.634200 ms (FindLiveObjects: 0.229300 ms CreateObjectMapping: 0.085500 ms MarkObjects: 2.157200 ms  DeleteObjects: 0.161400 ms)

AssetImportParameters requested are different than current active one (requested -> active):
  custom:framework-win-MediaFoundation: 216162199b28c13a410421893ffa2e32 -> 
  custom:video-decoder-ogg-theora: a1e56fd34408186e4bbccfd4996cb3dc -> 
  custom:container-muxer-webm: aa71ff27fc2769a1b78a27578f13a17b -> 
  custom:container-demuxer-webm: 4f35f7cbe854078d1ac9338744f61a02 -> 
  custom:container-demuxer-ogg: 62fdf1f143b41e24485cea50d1cbac27 -> 
  custom:video-encoder-webm-vp8: eb34c28f22e8b96e1ab97ce403110664 -> 
  custom:video-decoder-webm-vp8: 9c59270c3fd7afecdb556c50c9e8de78 -> 
  custom:audio-decoder-ogg-vorbis: bf7c407c2cedff20999df2af8eb42d56 -> 
  custom:audio-encoder-webm-vorbis: bf7c407c2cedff20999df2af8eb42d56 -> 
========================================================================
Received Import Request.
  path: Assets/playerController.asset
  artifactKey: Guid(ddd86c1dadd2b23438cc19872bc8a18a) Importer(815301076,1909f56bfc062723c751e8b465ee728b)
Start importing Assets/playerController.asset using Guid(ddd86c1dadd2b23438cc19872bc8a18a) Importer(815301076,1909f56bfc062723c751e8b465ee728b)  -> (artifact id: '3552f99946c23baa648b4313c6879c22') in 0.598219 seconds 
========================================================================
Received Prepare
Registering precompiled user dll's ...
Registered in 0.008932 seconds.
Begin MonoManager ReloadAssembly
Symbol file LoadedFromMemory doesn't match image C:\Users\haris\Documents\GitHub\frozen-tremors-mpgd-grpH\Library\PackageCache\com.unity.visualscripting@1.6.1\Editor\VisualScripting.Core\Dependencies\YamlDotNet\Unity.VisualScripting.YamlDotNet.dll
Symbol file LoadedFromMemory doesn't match image C:\Users\haris\Documents\GitHub\frozen-tremors-mpgd-grpH\Library\PackageCache\com.unity.visualscripting@1.6.1\Editor\VisualScripting.Core\Dependencies\DotNetZip\Unity.VisualScripting.IonicZip.dll
Native extension for WindowsStandalone target not found
Native extension for WebGL target not found
Refreshing native plugins compatible for Editor in 0.81 ms, found 4 plugins.
Preloading 0 native plugins for Editor in 0.00 ms.
Mono: successfully reloaded assembly
- Completed reload, in  0.841 seconds
Domain Reload Profiling:
	ReloadAssembly (841ms)
		BeginReloadAssembly (121ms)
			ExecutionOrderSort (0ms)
			DisableScriptedObjects (4ms)
			BackupInstance (0ms)
			ReleaseScriptingObjects (0ms)
			CreateAndSetChildDomain (49ms)
		EndReloadAssembly (676ms)
			LoadAssemblies (81ms)
			RebuildTransferFunctionScriptingTraits (0ms)
			SetupTypeCache (279ms)
			ReleaseScriptCaches (1ms)
			RebuildScriptCaches (26ms)
			SetupLoadedEditorAssemblies (222ms)
				LogAssemblyErrors (0ms)
				InitializePlatformSupportModulesInManaged (4ms)
				SetLoadedEditorAssemblies (0ms)
				RefreshPlugins (1ms)
				BeforeProcessingInitializeOnLoad (42ms)
				ProcessInitializeOnLoadAttributes (166ms)
				ProcessInitializeOnLoadMethodAttributes (3ms)
				AfterProcessingInitializeOnLoad (5ms)
				EditorAssembliesLoaded (0ms)
			ExecutionOrderSort2 (0ms)
			AwakeInstancesAfterBackupRestoration (5ms)
Platform modules already initialized, skipping
Refreshing native plugins compatible for Editor in 0.78 ms, found 4 plugins.
Preloading 0 native plugins for Editor in 0.00 ms.
Unloading 3224 Unused Serialized files (Serialized files now loaded: 0)
System memory in use before: 171.0 MB.
System memory in use after: 170.9 MB.

Unloading 32 unused Assets to reduce memory usage. Loaded Objects now: 3907.
Total: 2.804300 ms (FindLiveObjects: 0.255900 ms CreateObjectMapping: 0.075000 ms MarkObjects: 2.330100 ms  DeleteObjects: 0.142300 ms)

AssetImportParameters requested are different than current active one (requested -> active):
  custom:framework-win-MediaFoundation: 216162199b28c13a410421893ffa2e32 -> 
  custom:video-decoder-ogg-theora: a1e56fd34408186e4bbccfd4996cb3dc -> 
  custom:container-muxer-webm: aa71ff27fc2769a1b78a27578f13a17b -> 
  custom:container-demuxer-webm: 4f35f7cbe854078d1ac9338744f61a02 -> 
  custom:container-demuxer-ogg: 62fdf1f143b41e24485cea50d1cbac27 -> 
  custom:video-encoder-webm-vp8: eb34c28f22e8b96e1ab97ce403110664 -> 
  custom:video-decoder-webm-vp8: 9c59270c3fd7afecdb556c50c9e8de78 -> 
  custom:audio-decoder-ogg-vorbis: bf7c407c2cedff20999df2af8eb42d56 -> 
  custom:audio-encoder-webm-vorbis: bf7c407c2cedff20999df2af8eb42d56 -> 
========================================================================
Received Import Request.
  Time since last request: 40.018363 seconds.
  path: Assets/playerController.asset
  artifactKey: Guid(ddd86c1dadd2b23438cc19872bc8a18a) Importer(815301076,1909f56bfc062723c751e8b465ee728b)
Start importing Assets/playerController.asset using Guid(ddd86c1dadd2b23438cc19872bc8a18a) Importer(815301076,1909f56bfc062723c751e8b465ee728b)  -> (artifact id: '9826bd00ac0fea7bd4afa7954ad83a1f') in 0.613927 seconds 
========================================================================
Received Prepare
Registering precompiled user dll's ...
Registered in 0.008119 seconds.
Begin MonoManager ReloadAssembly
Symbol file LoadedFromMemory doesn't match image C:\Users\haris\Documents\GitHub\frozen-tremors-mpgd-grpH\Library\PackageCache\com.unity.visualscripting@1.6.1\Editor\VisualScripting.Core\Dependencies\YamlDotNet\Unity.VisualScripting.YamlDotNet.dll
Symbol file LoadedFromMemory doesn't match image C:\Users\haris\Documents\GitHub\frozen-tremors-mpgd-grpH\Library\PackageCache\com.unity.visualscripting@1.6.1\Editor\VisualScripting.Core\Dependencies\DotNetZip\Unity.VisualScripting.IonicZip.dll
Native extension for WindowsStandalone target not found
Native extension for WebGL target not found
Refreshing native plugins compatible for Editor in 0.78 ms, found 4 plugins.
Preloading 0 native plugins for Editor in 0.00 ms.
Mono: successfully reloaded assembly
- Completed reload, in  0.772 seconds
Domain Reload Profiling:
	ReloadAssembly (772ms)
		BeginReloadAssembly (116ms)
			ExecutionOrderSort (0ms)
			DisableScriptedObjects (5ms)
			BackupInstance (0ms)
			ReleaseScriptingObjects (0ms)
			CreateAndSetChildDomain (47ms)
		EndReloadAssembly (614ms)
			LoadAssemblies (75ms)
			RebuildTransferFunctionScriptingTraits (0ms)
			SetupTypeCache (249ms)
			ReleaseScriptCaches (1ms)
			RebuildScriptCaches (24ms)
			SetupLoadedEditorAssemblies (203ms)
				LogAssemblyErrors (0ms)
				InitializePlatformSupportModulesInManaged (4ms)
				SetLoadedEditorAssemblies (0ms)
				RefreshPlugins (1ms)
				BeforeProcessingInitializeOnLoad (45ms)
				ProcessInitializeOnLoadAttributes (145ms)
				ProcessInitializeOnLoadMethodAttributes (3ms)
				AfterProcessingInitializeOnLoad (5ms)
				EditorAssembliesLoaded (0ms)
			ExecutionOrderSort2 (0ms)
			AwakeInstancesAfterBackupRestoration (5ms)
Platform modules already initialized, skipping
Refreshing native plugins compatible for Editor in 0.74 ms, found 4 plugins.
Preloading 0 native plugins for Editor in 0.00 ms.
Unloading 3224 Unused Serialized files (Serialized files now loaded: 0)
System memory in use before: 171.1 MB.
System memory in use after: 171.0 MB.

Unloading 32 unused Assets to reduce memory usage. Loaded Objects now: 3909.
Total: 2.569000 ms (FindLiveObjects: 0.187000 ms CreateObjectMapping: 0.072300 ms MarkObjects: 2.146000 ms  DeleteObjects: 0.162800 ms)

AssetImportParameters requested are different than current active one (requested -> active):
  custom:framework-win-MediaFoundation: 216162199b28c13a410421893ffa2e32 -> 
  custom:video-decoder-ogg-theora: a1e56fd34408186e4bbccfd4996cb3dc -> 
  custom:container-muxer-webm: aa71ff27fc2769a1b78a27578f13a17b -> 
  custom:container-demuxer-webm: 4f35f7cbe854078d1ac9338744f61a02 -> 
  custom:container-demuxer-ogg: 62fdf1f143b41e24485cea50d1cbac27 -> 
  custom:video-encoder-webm-vp8: eb34c28f22e8b96e1ab97ce403110664 -> 
  custom:video-decoder-webm-vp8: 9c59270c3fd7afecdb556c50c9e8de78 -> 
  custom:audio-decoder-ogg-vorbis: bf7c407c2cedff20999df2af8eb42d56 -> 
  custom:audio-encoder-webm-vorbis: bf7c407c2cedff20999df2af8eb42d56 -> 
========================================================================
Received Prepare
Registering precompiled user dll's ...
Registered in 0.009528 seconds.
Begin MonoManager ReloadAssembly
Symbol file LoadedFromMemory doesn't match image C:\Users\haris\Documents\GitHub\frozen-tremors-mpgd-grpH\Library\PackageCache\com.unity.visualscripting@1.6.1\Editor\VisualScripting.Core\Dependencies\YamlDotNet\Unity.VisualScripting.YamlDotNet.dll
Symbol file LoadedFromMemory doesn't match image C:\Users\haris\Documents\GitHub\frozen-tremors-mpgd-grpH\Library\PackageCache\com.unity.visualscripting@1.6.1\Editor\VisualScripting.Core\Dependencies\DotNetZip\Unity.VisualScripting.IonicZip.dll
Native extension for WindowsStandalone target not found
Native extension for WebGL target not found
Refreshing native plugins compatible for Editor in 0.74 ms, found 4 plugins.
Preloading 0 native plugins for Editor in 0.00 ms.
Mono: successfully reloaded assembly
- Completed reload, in  0.773 seconds
Domain Reload Profiling:
	ReloadAssembly (773ms)
		BeginReloadAssembly (103ms)
			ExecutionOrderSort (0ms)
			DisableScriptedObjects (3ms)
			BackupInstance (0ms)
			ReleaseScriptingObjects (0ms)
			CreateAndSetChildDomain (34ms)
		EndReloadAssembly (627ms)
			LoadAssemblies (77ms)
			RebuildTransferFunctionScriptingTraits (0ms)
			SetupTypeCache (248ms)
			ReleaseScriptCaches (1ms)
			RebuildScriptCaches (24ms)
			SetupLoadedEditorAssemblies (214ms)
				LogAssemblyErrors (0ms)
				InitializePlatformSupportModulesInManaged (4ms)
				SetLoadedEditorAssemblies (0ms)
				RefreshPlugins (1ms)
				BeforeProcessingInitializeOnLoad (44ms)
				ProcessInitializeOnLoadAttributes (157ms)
				ProcessInitializeOnLoadMethodAttributes (3ms)
				AfterProcessingInitializeOnLoad (5ms)
				EditorAssembliesLoaded (0ms)
			ExecutionOrderSort2 (0ms)
			AwakeInstancesAfterBackupRestoration (6ms)
Platform modules already initialized, skipping
Refreshing native plugins compatible for Editor in 0.76 ms, found 4 plugins.
Preloading 0 native plugins for Editor in 0.00 ms.
Unloading 3224 Unused Serialized files (Serialized files now loaded: 0)
System memory in use before: 171.1 MB.
System memory in use after: 171.0 MB.

Unloading 32 unused Assets to reduce memory usage. Loaded Objects now: 3911.
Total: 2.722100 ms (FindLiveObjects: 0.230900 ms CreateObjectMapping: 0.125300 ms MarkObjects: 2.207000 ms  DeleteObjects: 0.158000 ms)

AssetImportParameters requested are different than current active one (requested -> active):
  custom:framework-win-MediaFoundation: 216162199b28c13a410421893ffa2e32 -> 
  custom:video-decoder-ogg-theora: a1e56fd34408186e4bbccfd4996cb3dc -> 
  custom:container-muxer-webm: aa71ff27fc2769a1b78a27578f13a17b -> 
  custom:container-demuxer-webm: 4f35f7cbe854078d1ac9338744f61a02 -> 
  custom:container-demuxer-ogg: 62fdf1f143b41e24485cea50d1cbac27 -> 
  custom:video-encoder-webm-vp8: eb34c28f22e8b96e1ab97ce403110664 -> 
  custom:video-decoder-webm-vp8: 9c59270c3fd7afecdb556c50c9e8de78 -> 
  custom:audio-decoder-ogg-vorbis: bf7c407c2cedff20999df2af8eb42d56 -> 
  custom:audio-encoder-webm-vorbis: bf7c407c2cedff20999df2af8eb42d56 -> 
========================================================================
Received Import Request.
  Time since last request: 446.114198 seconds.
  path: Assets/ScriptableObjects/Items/Airlock.asset
  artifactKey: Guid(14867c034d74e8746afe71c2e2ba9a61) Importer(815301076,1909f56bfc062723c751e8b465ee728b)
Start importing Assets/ScriptableObjects/Items/Airlock.asset using Guid(14867c034d74e8746afe71c2e2ba9a61) Importer(815301076,1909f56bfc062723c751e8b465ee728b)  -> (artifact id: 'ae4dd9b2b60587d8bf4d12ccde51737f') in 0.085601 seconds 
========================================================================
Received Import Request.
  Time since last request: 0.000119 seconds.
  path: Assets/ScriptableObjects/Items/Antenna.asset
  artifactKey: Guid(01b8ceb4f29da0b4496065fc156af6db) Importer(815301076,1909f56bfc062723c751e8b465ee728b)
Start importing Assets/ScriptableObjects/Items/Antenna.asset using Guid(01b8ceb4f29da0b4496065fc156af6db) Importer(815301076,1909f56bfc062723c751e8b465ee728b)  -> (artifact id: '2cf1e1680a259b0fb3c717ef22c3b005') in 0.005384 seconds 
========================================================================
Received Import Request.
  Time since last request: 237.794212 seconds.
  path: Assets/ScifiOfficeLite/Meshes/Walls/Wall Top Piece 1.FBX
  artifactKey: Guid(4873fc9788a58944891c70586f2a565b) Importer(815301076,1909f56bfc062723c751e8b465ee728b)
Start importing Assets/ScifiOfficeLite/Meshes/Walls/Wall Top Piece 1.FBX using Guid(4873fc9788a58944891c70586f2a565b) Importer(815301076,1909f56bfc062723c751e8b465ee728b)  -> (artifact id: 'da98398ced9d9d52e7cf4926e639e748') in 0.149729 seconds 
========================================================================
Received Import Request.
  Time since last request: 0.000113 seconds.
  path: Assets/ScifiOfficeLite/Meshes/Walls/Wall With Windows Set 10.FBX
  artifactKey: Guid(079bbfeb36213f14dbeb94410d3f7377) Importer(815301076,1909f56bfc062723c751e8b465ee728b)
Start importing Assets/ScifiOfficeLite/Meshes/Walls/Wall With Windows Set 10.FBX using Guid(079bbfeb36213f14dbeb94410d3f7377) Importer(815301076,1909f56bfc062723c751e8b465ee728b)  -> (artifact id: 'c070f1f64cd069b0921e9636e81a2177') in 0.043862 seconds 
========================================================================
Received Import Request.
  Time since last request: 0.000173 seconds.
  path: Assets/Standard Assets/Prototyping/Models/WallPrototype08x08x01.fbx
  artifactKey: Guid(b5290684820a94548bedb95083785116) Importer(815301076,1909f56bfc062723c751e8b465ee728b)
Start importing Assets/Standard Assets/Prototyping/Models/WallPrototype08x08x01.fbx using Guid(b5290684820a94548bedb95083785116) Importer(815301076,1909f56bfc062723c751e8b465ee728b)  -> (artifact id: '2724641dd945c1edeea5af0015122971') in 0.036344 seconds 
========================================================================
Received Import Request.
  Time since last request: 0.000150 seconds.
  path: Assets/ScifiOfficeLite/Meshes/Walls/Wall Top Piece 3.FBX
  artifactKey: Guid(c1d888a5bd7825344a41dbd872fd6414) Importer(815301076,1909f56bfc062723c751e8b465ee728b)
Start importing Assets/ScifiOfficeLite/Meshes/Walls/Wall Top Piece 3.FBX using Guid(c1d888a5bd7825344a41dbd872fd6414) Importer(815301076,1909f56bfc062723c751e8b465ee728b)  -> (artifact id: '4cb2b7618d5d0b6bca0cc058b30d76e5') in 0.032870 seconds 
========================================================================
Received Import Request.
  Time since last request: 1.237301 seconds.
  path: Assets/ScifiOfficeLite/Meshes/Walls/Wall 4.FBX
  artifactKey: Guid(01e56f6e47b405e4689821759816baf0) Importer(815301076,1909f56bfc062723c751e8b465ee728b)
Start importing Assets/ScifiOfficeLite/Meshes/Walls/Wall 4.FBX using Guid(01e56f6e47b405e4689821759816baf0) Importer(815301076,1909f56bfc062723c751e8b465ee728b)  -> (artifact id: 'da67ac9fa292b520030ad481bffbd051') in 0.038553 seconds 
========================================================================
Received Import Request.
  Time since last request: 0.000115 seconds.
  path: Assets/ScifiOfficeLite/Meshes/Office Interior/Tables/Table 1.FBX
  artifactKey: Guid(f6e626b1241c71d438b24b65e526b0a2) Importer(815301076,1909f56bfc062723c751e8b465ee728b)
Start importing Assets/ScifiOfficeLite/Meshes/Office Interior/Tables/Table 1.FBX using Guid(f6e626b1241c71d438b24b65e526b0a2) Importer(815301076,1909f56bfc062723c751e8b465ee728b)  -> (artifact id: '94e6d080e15a9bb25b1c42a7fe6a8a6a') in 0.032874 seconds 
========================================================================
Received Import Request.
  Time since last request: 0.000115 seconds.
  path: Assets/ScifiOfficeLite/Meshes/Walls/Wall 2 Half.FBX
  artifactKey: Guid(2506e085753a9db4fbe8479c1d42a7c5) Importer(815301076,1909f56bfc062723c751e8b465ee728b)
Start importing Assets/ScifiOfficeLite/Meshes/Walls/Wall 2 Half.FBX using Guid(2506e085753a9db4fbe8479c1d42a7c5) Importer(815301076,1909f56bfc062723c751e8b465ee728b)  -> (artifact id: '3b12d8ec4ce98c352f7ec265a7c37f52') in 0.031697 seconds 
========================================================================
Received Import Request.
  Time since last request: 0.000135 seconds.
  path: Assets/Standard Assets/Prototyping/Models/StepsPrototype04x02x02.fbx
  artifactKey: Guid(900e53dd850c9cc4281be6fa21bdfea5) Importer(815301076,1909f56bfc062723c751e8b465ee728b)
Start importing Assets/Standard Assets/Prototyping/Models/StepsPrototype04x02x02.fbx using Guid(900e53dd850c9cc4281be6fa21bdfea5) Importer(815301076,1909f56bfc062723c751e8b465ee728b)  -> (artifact id: 'c2b69fe3164bbcfcfaf2d8b31fedd486') in 0.017074 seconds 
========================================================================
Received Import Request.
  Time since last request: 0.000112 seconds.
  path: Assets/ScifiOfficeLite/Meshes/Office Interior/Tables/Table Set 1.FBX
  artifactKey: Guid(4d7a1f2d72196e24bb9a9eefb40859c3) Importer(815301076,1909f56bfc062723c751e8b465ee728b)
Start importing Assets/ScifiOfficeLite/Meshes/Office Interior/Tables/Table Set 1.FBX using Guid(4d7a1f2d72196e24bb9a9eefb40859c3) Importer(815301076,1909f56bfc062723c751e8b465ee728b)  -> (artifact id: '1227ad827b88617373b8703dd63e6f9e') in 0.080459 seconds 
========================================================================
Received Import Request.
  Time since last request: 0.000132 seconds.
  path: Assets/ScifiOfficeLite/Meshes/Office Interior/Tv/Tv 32 Inch.FBX
  artifactKey: Guid(11493361a00a45c4cb8edc10de4df39c) Importer(815301076,1909f56bfc062723c751e8b465ee728b)
Start importing Assets/ScifiOfficeLite/Meshes/Office Interior/Tv/Tv 32 Inch.FBX using Guid(11493361a00a45c4cb8edc10de4df39c) Importer(815301076,1909f56bfc062723c751e8b465ee728b)  -> (artifact id: '4d1165da68eb6fee978c27bab980147c') in 0.026471 seconds 
========================================================================
Received Import Request.
  Time since last request: 0.000120 seconds.
  path: Assets/ScifiOfficeLite/Meshes/Walls/Wall Pillar 1.FBX
  artifactKey: Guid(7f3f723d286592a41b8ff4a9a618917a) Importer(815301076,1909f56bfc062723c751e8b465ee728b)
Start importing Assets/ScifiOfficeLite/Meshes/Walls/Wall Pillar 1.FBX using Guid(7f3f723d286592a41b8ff4a9a618917a) Importer(815301076,1909f56bfc062723c751e8b465ee728b)  -> (artifact id: 'f22012c5c9f4a307c9f28c04a4cfe904') in 0.031240 seconds 
========================================================================
Received Import Request.
  Time since last request: 0.000126 seconds.
  path: Assets/ScifiOfficeLite/Meshes/Walls/Wall 2.FBX
  artifactKey: Guid(b30484f622ab5774f98c23785e2be964) Importer(815301076,1909f56bfc062723c751e8b465ee728b)
Start importing Assets/ScifiOfficeLite/Meshes/Walls/Wall 2.FBX using Guid(b30484f622ab5774f98c23785e2be964) Importer(815301076,1909f56bfc062723c751e8b465ee728b)  -> (artifact id: 'f0dc397e757294397c009a209fb030db') in 0.031305 seconds 
========================================================================
Received Import Request.
  Time since last request: 0.000127 seconds.
  path: Assets/ScifiOfficeLite/Meshes/Walls/Wall Pillar 3.FBX
  artifactKey: Guid(4d5d0a66e903ea14e8c955eb7d88c2dc) Importer(815301076,1909f56bfc062723c751e8b465ee728b)
Start importing Assets/ScifiOfficeLite/Meshes/Walls/Wall Pillar 3.FBX using Guid(4d5d0a66e903ea14e8c955eb7d88c2dc) Importer(815301076,1909f56bfc062723c751e8b465ee728b)  -> (artifact id: '9680fc59d8620dd0d06d23538dcf5ded') in 0.031657 seconds 
========================================================================
Received Import Request.
  Time since last request: 0.000129 seconds.
  path: Assets/ScifiOfficeLite/Meshes/Office Interior/Chairs/Stool.FBX
  artifactKey: Guid(cc27f5674605ba04ca0d210915754fbc) Importer(815301076,1909f56bfc062723c751e8b465ee728b)
Start importing Assets/ScifiOfficeLite/Meshes/Office Interior/Chairs/Stool.FBX using Guid(cc27f5674605ba04ca0d210915754fbc) Importer(815301076,1909f56bfc062723c751e8b465ee728b)  -> (artifact id: 'ae39553f0fcc59d610ae2390e4787f53') in 0.022340 seconds 
========================================================================
Received Import Request.
  Time since last request: 0.000109 seconds.
  path: Assets/ScifiOfficeLite/Meshes/Office Interior/Tables/Table 6.FBX
  artifactKey: Guid(41201aa748c547a43803606538ab6800) Importer(815301076,1909f56bfc062723c751e8b465ee728b)
Start importing Assets/ScifiOfficeLite/Meshes/Office Interior/Tables/Table 6.FBX using Guid(41201aa748c547a43803606538ab6800) Importer(815301076,1909f56bfc062723c751e8b465ee728b)  -> (artifact id: '198ca65a35e63e3ad23c5c33f9340684') in 0.043958 seconds 
========================================================================
Received Import Request.
  Time since last request: 0.837046 seconds.
  path: Assets/Standard Assets/Vehicles/Car/Models/SkyCar.fbx
  artifactKey: Guid(e6fec471c20b9d148b1f87910e67bea4) Importer(815301076,1909f56bfc062723c751e8b465ee728b)
Start importing Assets/Standard Assets/Vehicles/Car/Models/SkyCar.fbx using Guid(e6fec471c20b9d148b1f87910e67bea4) Importer(815301076,1909f56bfc062723c751e8b465ee728b)  -> (artifact id: '38b63d109ad75e660ed062f0ad43fea0') in 0.269460 seconds 
========================================================================
Received Import Request.
  Time since last request: 0.325387 seconds.
  path: Assets/ScifiOfficeLite/Meshes/Office Interior/Shelf Without Crates.FBX
  artifactKey: Guid(286e43d1c643e32429628b056004c0ef) Importer(815301076,1909f56bfc062723c751e8b465ee728b)
Start importing Assets/ScifiOfficeLite/Meshes/Office Interior/Shelf Without Crates.FBX using Guid(286e43d1c643e32429628b056004c0ef) Importer(815301076,1909f56bfc062723c751e8b465ee728b)  -> (artifact id: 'af3acdb59904801f7f5b3632c0e10070') in 0.018295 seconds 
========================================================================
Received Import Request.
  Time since last request: 0.013762 seconds.
  path: Assets/ScifiOfficeLite/Meshes/Office Interior/Carpet/Carpet 12.FBX
  artifactKey: Guid(24e5172242125aa45925cd25104a5d1a) Importer(815301076,1909f56bfc062723c751e8b465ee728b)
Start importing Assets/ScifiOfficeLite/Meshes/Office Interior/Carpet/Carpet 12.FBX using Guid(24e5172242125aa45925cd25104a5d1a) Importer(815301076,1909f56bfc062723c751e8b465ee728b)  -> (artifact id: '46216f16f8e6589fb913cb49742d9e2f') in 0.015895 seconds 
========================================================================
Received Import Request.
  Time since last request: 0.000178 seconds.
  path: Assets/ScifiOfficeLite/Meshes/Office Interior/Carpet/Carpet 13.FBX
  artifactKey: Guid(7b04682a6ca2fb3469b49ad8f05c9930) Importer(815301076,1909f56bfc062723c751e8b465ee728b)
Start importing Assets/ScifiOfficeLite/Meshes/Office Interior/Carpet/Carpet 13.FBX using Guid(7b04682a6ca2fb3469b49ad8f05c9930) Importer(815301076,1909f56bfc062723c751e8b465ee728b)  -> (artifact id: '90f715ce61c6db68c8267c8d0a625102') in 0.018448 seconds 
========================================================================
Received Import Request.
  Time since last request: 5.246738 seconds.
  path: Assets/ScifiOfficeLite/Meshes/Office Interior/Carpet/Carpet 9.FBX
  artifactKey: Guid(ff54a0654963bc34296426d8088a649f) Importer(815301076,1909f56bfc062723c751e8b465ee728b)
Start importing Assets/ScifiOfficeLite/Meshes/Office Interior/Carpet/Carpet 9.FBX using Guid(ff54a0654963bc34296426d8088a649f) Importer(815301076,1909f56bfc062723c751e8b465ee728b)  -> (artifact id: '7f63646ed9e956aac4270464776d3d88') in 0.017748 seconds 
========================================================================
Received Import Request.
  Time since last request: 0.000117 seconds.
  path: Assets/ScifiOfficeLite/Meshes/Office Interior/Carpet/Carpet 10.FBX
  artifactKey: Guid(96b6fad491af7c541b79798aaa5aa126) Importer(815301076,1909f56bfc062723c751e8b465ee728b)
Start importing Assets/ScifiOfficeLite/Meshes/Office Interior/Carpet/Carpet 10.FBX using Guid(96b6fad491af7c541b79798aaa5aa126) Importer(815301076,1909f56bfc062723c751e8b465ee728b)  -> (artifact id: 'd647c8188eacfe0a531592dfa4b4419a') in 0.035635 seconds 
========================================================================
Received Import Request.
  Time since last request: 0.000111 seconds.
  path: Assets/ScifiOfficeLite/Meshes/Office Interior/Carpet/Carpet 8.FBX
  artifactKey: Guid(9c356ccbadb302f4c99fbe7879889240) Importer(815301076,1909f56bfc062723c751e8b465ee728b)
Start importing Assets/ScifiOfficeLite/Meshes/Office Interior/Carpet/Carpet 8.FBX using Guid(9c356ccbadb302f4c99fbe7879889240) Importer(815301076,1909f56bfc062723c751e8b465ee728b)  -> (artifact id: 'e856361d9d7ba117d2e3461efa51323a') in 0.028293 seconds 
========================================================================
Received Import Request.
  Time since last request: 0.000163 seconds.
  path: Assets/ScifiOfficeLite/Meshes/Office Interior/Carpet/Carpet 11.FBX
  artifactKey: Guid(377835cb3fa2b9141894051f66db8b1f) Importer(815301076,1909f56bfc062723c751e8b465ee728b)
Start importing Assets/ScifiOfficeLite/Meshes/Office Interior/Carpet/Carpet 11.FBX using Guid(377835cb3fa2b9141894051f66db8b1f) Importer(815301076,1909f56bfc062723c751e8b465ee728b)  -> (artifact id: 'e5e8e4fdfce4e2c523f857ec2251634f') in 0.025060 seconds 
========================================================================
Received Import Request.
  Time since last request: 0.000128 seconds.
  path: Assets/ScifiOfficeLite/Meshes/Office Interior/Carpet/Carpet 5.FBX
  artifactKey: Guid(3815c0f68c7c19f4c9f6edb1bc4f41f1) Importer(815301076,1909f56bfc062723c751e8b465ee728b)
Start importing Assets/ScifiOfficeLite/Meshes/Office Interior/Carpet/Carpet 5.FBX using Guid(3815c0f68c7c19f4c9f6edb1bc4f41f1) Importer(815301076,1909f56bfc062723c751e8b465ee728b)  -> (artifact id: 'eb847b0e34e1fd0591c9fbb060335ddf') in 0.028616 seconds 
========================================================================
Received Import Request.
  Time since last request: 1.282104 seconds.
  path: Assets/Standard Assets/Prototyping/Models/RampPrototype04x02x02.fbx
  artifactKey: Guid(b9d7ac1a0f551404f8d32e1e02b64325) Importer(815301076,1909f56bfc062723c751e8b465ee728b)
Start importing Assets/Standard Assets/Prototyping/Models/RampPrototype04x02x02.fbx using Guid(b9d7ac1a0f551404f8d32e1e02b64325) Importer(815301076,1909f56bfc062723c751e8b465ee728b)  -> (artifact id: 'ae94726528716b38bbadebcce82e07f8') in 0.012233 seconds 
========================================================================
Received Import Request.
  Time since last request: 0.612190 seconds.
  path: Assets/Standard Assets/Prototyping/Models/PlatformPrototype08x01x08.fbx
  artifactKey: Guid(879dd62cbfd65314d812354e257fc5cc) Importer(815301076,1909f56bfc062723c751e8b465ee728b)
Start importing Assets/Standard Assets/Prototyping/Models/PlatformPrototype08x01x08.fbx using Guid(879dd62cbfd65314d812354e257fc5cc) Importer(815301076,1909f56bfc062723c751e8b465ee728b)  -> (artifact id: '30cba17b4907aa83452855bcab818d16') in 0.015123 seconds 
========================================================================
Received Import Request.
  Time since last request: 0.000116 seconds.
  path: Assets/ScifiOfficeLite/Meshes/Office Interior/Radio.FBX
  artifactKey: Guid(2bb8e74e51bc707479666db31fc93b4d) Importer(815301076,1909f56bfc062723c751e8b465ee728b)
Start importing Assets/ScifiOfficeLite/Meshes/Office Interior/Radio.FBX using Guid(2bb8e74e51bc707479666db31fc93b4d) Importer(815301076,1909f56bfc062723c751e8b465ee728b)  -> (artifact id: '668ac242b9f09f9793a35648f03d5354') in 0.028849 seconds 
========================================================================
Received Import Request.
  Time since last request: 0.285484 seconds.
  path: Assets/Standard Assets/Prototyping/Models/PlatformPrototype02x01x02.fbx
  artifactKey: Guid(38a9d3cc5c1e0aa4f92ff3445b73ed7f) Importer(815301076,1909f56bfc062723c751e8b465ee728b)
Start importing Assets/Standard Assets/Prototyping/Models/PlatformPrototype02x01x02.fbx using Guid(38a9d3cc5c1e0aa4f92ff3445b73ed7f) Importer(815301076,1909f56bfc062723c751e8b465ee728b)  -> (artifact id: 'c4a3b606d9579d40c4681ce62c208a67') in 0.014824 seconds 
========================================================================
Received Import Request.
  Time since last request: 0.000121 seconds.
  path: Assets/Standard Assets/Prototyping/Models/PlatformPrototype04x01x04.fbx
  artifactKey: Guid(bc2ed85df3924a4458576f17e8b10057) Importer(815301076,1909f56bfc062723c751e8b465ee728b)
Start importing Assets/Standard Assets/Prototyping/Models/PlatformPrototype04x01x04.fbx using Guid(bc2ed85df3924a4458576f17e8b10057) Importer(815301076,1909f56bfc062723c751e8b465ee728b)  -> (artifact id: '37d09d2d6a679005fddbd2c3e5bf98b3') in 0.013838 seconds 
========================================================================
Received Import Request.
  Time since last request: 10.174925 seconds.
  path: Assets/Standard Assets/Prototyping/Models/PillarPrototype02x08x02.fbx
  artifactKey: Guid(66a13889798137c498eae4b3acdafe19) Importer(815301076,1909f56bfc062723c751e8b465ee728b)
Start importing Assets/Standard Assets/Prototyping/Models/PillarPrototype02x08x02.fbx using Guid(66a13889798137c498eae4b3acdafe19) Importer(815301076,1909f56bfc062723c751e8b465ee728b)  -> (artifact id: 'a7b664a3787acdc816b73b056fe839b0') in 0.016189 seconds 
========================================================================
Received Import Request.
  Time since last request: 0.000119 seconds.
  path: Assets/Standard Assets/Prototyping/Models/PickupPrototype01x01x01.fbx
  artifactKey: Guid(00718395eefb6084bb25555f962f25c0) Importer(815301076,1909f56bfc062723c751e8b465ee728b)
Start importing Assets/Standard Assets/Prototyping/Models/PickupPrototype01x01x01.fbx using Guid(00718395eefb6084bb25555f962f25c0) Importer(815301076,1909f56bfc062723c751e8b465ee728b)  -> (artifact id: '086f2cd256327011f6ace66c7c462a9f') in 0.017432 seconds 
========================================================================
Received Import Request.
  Time since last request: 0.000119 seconds.
  path: Assets/ScifiOfficeLite/Meshes/Office Interior/Computers/PC 2.FBX
  artifactKey: Guid(7cae167e6c922de40938c7beea74be68) Importer(815301076,1909f56bfc062723c751e8b465ee728b)
Start importing Assets/ScifiOfficeLite/Meshes/Office Interior/Computers/PC 2.FBX using Guid(7cae167e6c922de40938c7beea74be68) Importer(815301076,1909f56bfc062723c751e8b465ee728b)  -> (artifact id: '8b9dc34982f476d0a63c57ce997e6310') in 0.016030 seconds 
========================================================================
Received Import Request.
  Time since last request: 0.000185 seconds.
  path: Assets/Standard Assets/Prototyping/Models/PillarPrototype01x02x01.fbx
  artifactKey: Guid(25712b9d3dd0eb4439390fb8fea8043e) Importer(815301076,1909f56bfc062723c751e8b465ee728b)
Start importing Assets/Standard Assets/Prototyping/Models/PillarPrototype01x02x01.fbx using Guid(25712b9d3dd0eb4439390fb8fea8043e) Importer(815301076,1909f56bfc062723c751e8b465ee728b)  -> (artifact id: '146e3f5b03b21c942d07038939619d39') in 0.014556 seconds 
========================================================================
Received Import Request.
  Time since last request: 0.018755 seconds.
  path: Assets/ScifiOfficeLite/Meshes/Office Interior/Chairs/office chair.FBX
  artifactKey: Guid(d466e2eae95ed804f85f00b0924ee018) Importer(815301076,1909f56bfc062723c751e8b465ee728b)
Start importing Assets/ScifiOfficeLite/Meshes/Office Interior/Chairs/office chair.FBX using Guid(d466e2eae95ed804f85f00b0924ee018) Importer(815301076,1909f56bfc062723c751e8b465ee728b)  -> (artifact id: 'e8da72718197e3bf8ae9493dcf34571d') in 0.014899 seconds 
========================================================================
Received Import Request.
  Time since last request: 1.048554 seconds.
  path: Assets/ScifiOfficeLite/Meshes/Office Interior/Tray.FBX
  artifactKey: Guid(77348b45d10d5804f974afd3b7582bfc) Importer(815301076,1909f56bfc062723c751e8b465ee728b)
Start importing Assets/ScifiOfficeLite/Meshes/Office Interior/Tray.FBX using Guid(77348b45d10d5804f974afd3b7582bfc) Importer(815301076,1909f56bfc062723c751e8b465ee728b)  -> (artifact id: '953f8f7a1f6e2b666b845f50d74e3958') in 0.015971 seconds 
========================================================================
Received Import Request.
  Time since last request: 0.015592 seconds.
  path: Assets/ScifiOfficeLite/Meshes/Office Interior/Vase.fbx
  artifactKey: Guid(3e37f6d84a91a56469b2a29089adff20) Importer(815301076,1909f56bfc062723c751e8b465ee728b)
Start importing Assets/ScifiOfficeLite/Meshes/Office Interior/Vase.fbx using Guid(3e37f6d84a91a56469b2a29089adff20) Importer(815301076,1909f56bfc062723c751e8b465ee728b)  -> (artifact id: '5b7de1784754e007e08ac9e3d93bd84d') in 0.038993 seconds 
========================================================================
Received Import Request.
  Time since last request: 0.000146 seconds.
  path: Assets/Standard Assets/Prototyping/Models/JoinInnerPrototype01x06x01.fbx
  artifactKey: Guid(f45b6695d6226cd48abfc605723cc3ae) Importer(815301076,1909f56bfc062723c751e8b465ee728b)
Start importing Assets/Standard Assets/Prototyping/Models/JoinInnerPrototype01x06x01.fbx using Guid(f45b6695d6226cd48abfc605723cc3ae) Importer(815301076,1909f56bfc062723c751e8b465ee728b)  -> (artifact id: '0c48c5ee11a0a366fb9f7ebfe6442c59') in 0.017431 seconds 
========================================================================
Received Import Request.
  Time since last request: 0.000112 seconds.
  path: Assets/Standard Assets/Prototyping/Models/HousePrototype16x16x24.fbx
  artifactKey: Guid(ce7348d724aa0fc44aaf53391b9bae9b) Importer(815301076,1909f56bfc062723c751e8b465ee728b)
Start importing Assets/Standard Assets/Prototyping/Models/HousePrototype16x16x24.fbx using Guid(ce7348d724aa0fc44aaf53391b9bae9b) Importer(815301076,1909f56bfc062723c751e8b465ee728b)  -> (artifact id: 'c2a1dc7d8d0efcc1110f09f277d00e83') in 0.014515 seconds 
========================================================================
Received Import Request.
  Time since last request: 0.000113 seconds.
  path: Assets/Standard Assets/Prototyping/Models/JoinOuterPrototype02x06x02.fbx
  artifactKey: Guid(6386a10e23c45d040a22051e6ae3b70f) Importer(815301076,1909f56bfc062723c751e8b465ee728b)
Start importing Assets/Standard Assets/Prototyping/Models/JoinOuterPrototype02x06x02.fbx using Guid(6386a10e23c45d040a22051e6ae3b70f) Importer(815301076,1909f56bfc062723c751e8b465ee728b)  -> (artifact id: '8aac9bf62c02ab57a1b56bb9863716b3') in 0.016041 seconds 
========================================================================
Received Import Request.
  Time since last request: 0.000117 seconds.
  path: Assets/Standard Assets/Prototyping/Models/JoinMidPrototype04x06x01.fbx
  artifactKey: Guid(40384240c1c82b94db82531689571ab0) Importer(815301076,1909f56bfc062723c751e8b465ee728b)
Start importing Assets/Standard Assets/Prototyping/Models/JoinMidPrototype04x06x01.fbx using Guid(40384240c1c82b94db82531689571ab0) Importer(815301076,1909f56bfc062723c751e8b465ee728b)  -> (artifact id: '94d0d03018b7aa5d3b5782c22573517a') in 0.018202 seconds 
========================================================================
Received Import Request.
  Time since last request: 24.815858 seconds.
  path: Assets/Colours/Parkour 3
  artifactKey: Guid(c99f4dd0dbca3bf4aa575426fc0d2fde) Importer(815301076,1909f56bfc062723c751e8b465ee728b)
Start importing Assets/Colours/Parkour 3 using Guid(c99f4dd0dbca3bf4aa575426fc0d2fde) Importer(815301076,1909f56bfc062723c751e8b465ee728b)  -> (artifact id: '1321ba9dc3392ad6b26e0fbb5f73424e') in 0.004889 seconds 
========================================================================
Received Import Request.
  Time since last request: 0.052043 seconds.
  path: Assets/Colours/Parkour 3/Yellow Coin.mat
  artifactKey: Guid(67a271c646b61c444b09c537cedb50ab) Importer(815301076,1909f56bfc062723c751e8b465ee728b)
Start importing Assets/Colours/Parkour 3/Yellow Coin.mat using Guid(67a271c646b61c444b09c537cedb50ab) Importer(815301076,1909f56bfc062723c751e8b465ee728b)  -> (artifact id: '0afd80e4dfb2821b916a62979a88d2c8') in 0.013089 seconds 
========================================================================
Received Import Request.
  Time since last request: 103.808336 seconds.
  path: Assets/Colours/Parkour 2
  artifactKey: Guid(3ed5eceb4136c324fa1e049524365545) Importer(815301076,1909f56bfc062723c751e8b465ee728b)
Start importing Assets/Colours/Parkour 2 using Guid(3ed5eceb4136c324fa1e049524365545) Importer(815301076,1909f56bfc062723c751e8b465ee728b)  -> (artifact id: '100679f3ae0a011061ee4eb942c3649c') in 0.005300 seconds 
========================================================================
Received Prepare
Registering precompiled user dll's ...
Registered in 0.008036 seconds.
Begin MonoManager ReloadAssembly
Symbol file LoadedFromMemory doesn't match image C:\Users\haris\Documents\GitHub\frozen-tremors-mpgd-grpH\Library\PackageCache\com.unity.visualscripting@1.6.1\Editor\VisualScripting.Core\Dependencies\YamlDotNet\Unity.VisualScripting.YamlDotNet.dll
Symbol file LoadedFromMemory doesn't match image C:\Users\haris\Documents\GitHub\frozen-tremors-mpgd-grpH\Library\PackageCache\com.unity.visualscripting@1.6.1\Editor\VisualScripting.Core\Dependencies\DotNetZip\Unity.VisualScripting.IonicZip.dll
Native extension for WindowsStandalone target not found
Native extension for WebGL target not found
Refreshing native plugins compatible for Editor in 0.75 ms, found 4 plugins.
Preloading 0 native plugins for Editor in 0.00 ms.
Mono: successfully reloaded assembly
- Completed reload, in  0.747 seconds
Domain Reload Profiling:
	ReloadAssembly (747ms)
		BeginReloadAssembly (96ms)
			ExecutionOrderSort (0ms)
			DisableScriptedObjects (3ms)
			BackupInstance (0ms)
			ReleaseScriptingObjects (0ms)
			CreateAndSetChildDomain (34ms)
		EndReloadAssembly (609ms)
			LoadAssemblies (75ms)
			RebuildTransferFunctionScriptingTraits (0ms)
			SetupTypeCache (244ms)
			ReleaseScriptCaches (1ms)
			RebuildScriptCaches (25ms)
			SetupLoadedEditorAssemblies (202ms)
				LogAssemblyErrors (0ms)
				InitializePlatformSupportModulesInManaged (4ms)
				SetLoadedEditorAssemblies (0ms)
				RefreshPlugins (1ms)
				BeforeProcessingInitializeOnLoad (39ms)
				ProcessInitializeOnLoadAttributes (150ms)
				ProcessInitializeOnLoadMethodAttributes (3ms)
				AfterProcessingInitializeOnLoad (5ms)
				EditorAssembliesLoaded (0ms)
			ExecutionOrderSort2 (0ms)
			AwakeInstancesAfterBackupRestoration (5ms)
Platform modules already initialized, skipping
Refreshing native plugins compatible for Editor in 0.79 ms, found 4 plugins.
Preloading 0 native plugins for Editor in 0.00 ms.
Unloading 3224 Unused Serialized files (Serialized files now loaded: 0)
System memory in use before: 175.9 MB.
System memory in use after: 175.9 MB.

Unloading 32 unused Assets to reduce memory usage. Loaded Objects now: 3957.
Total: 2.593100 ms (FindLiveObjects: 0.215500 ms CreateObjectMapping: 0.101300 ms MarkObjects: 2.127300 ms  DeleteObjects: 0.148100 ms)

AssetImportParameters requested are different than current active one (requested -> active):
  custom:framework-win-MediaFoundation: 216162199b28c13a410421893ffa2e32 -> 
  custom:video-decoder-ogg-theora: a1e56fd34408186e4bbccfd4996cb3dc -> 
  custom:container-muxer-webm: aa71ff27fc2769a1b78a27578f13a17b -> 
  custom:container-demuxer-webm: 4f35f7cbe854078d1ac9338744f61a02 -> 
  custom:container-demuxer-ogg: 62fdf1f143b41e24485cea50d1cbac27 -> 
  custom:video-encoder-webm-vp8: eb34c28f22e8b96e1ab97ce403110664 -> 
  custom:video-decoder-webm-vp8: 9c59270c3fd7afecdb556c50c9e8de78 -> 
  custom:audio-decoder-ogg-vorbis: bf7c407c2cedff20999df2af8eb42d56 -> 
  custom:audio-encoder-webm-vorbis: bf7c407c2cedff20999df2af8eb42d56 -> 
